CRITICAL - 2022-03-30 14:29:41 --> Undefined array key "usuario"
#0 C:\xampp\htdocs\GestionDeGastos\app\Controllers\Home.php(18): CodeIgniter\Debug\Exceptions->errorHandler(2, 'Undefined array...', 'C:\\xampp\\htdocs...', 18)
#1 C:\xampp\htdocs\GestionDeGastos\system\CodeIgniter.php(832): App\Controllers\Home->insertar()
#2 C:\xampp\htdocs\GestionDeGastos\system\CodeIgniter.php(419): CodeIgniter\CodeIgniter->runController(Object(App\Controllers\Home))
#3 C:\xampp\htdocs\GestionDeGastos\system\CodeIgniter.php(326): CodeIgniter\CodeIgniter->handleRequest(NULL, Object(Config\Cache), false)
#4 C:\xampp\htdocs\GestionDeGastos\public\index.php(37): CodeIgniter\CodeIgniter->run()
#5 {main}
CRITICAL - 2022-03-30 14:34:19 --> Undefined array key "usuario"
#0 C:\xampp\htdocs\GestionDeGastos\app\Controllers\Home.php(18): CodeIgniter\Debug\Exceptions->errorHandler(2, 'Undefined array...', 'C:\\xampp\\htdocs...', 18)
#1 C:\xampp\htdocs\GestionDeGastos\system\CodeIgniter.php(832): App\Controllers\Home->insertar()
#2 C:\xampp\htdocs\GestionDeGastos\system\CodeIgniter.php(419): CodeIgniter\CodeIgniter->runController(Object(App\Controllers\Home))
#3 C:\xampp\htdocs\GestionDeGastos\system\CodeIgniter.php(326): CodeIgniter\CodeIgniter->handleRequest(NULL, Object(Config\Cache), false)
#4 C:\xampp\htdocs\GestionDeGastos\public\index.php(37): CodeIgniter\CodeIgniter->run()
#5 {main}
CRITICAL - 2022-03-30 14:36:57 --> Undefined array key "nombre"
#0 C:\xampp\htdocs\GestionDeGastos\app\Controllers\Home.php(18): CodeIgniter\Debug\Exceptions->errorHandler(2, 'Undefined array...', 'C:\\xampp\\htdocs...', 18)
#1 C:\xampp\htdocs\GestionDeGastos\system\CodeIgniter.php(832): App\Controllers\Home->insertar()
#2 C:\xampp\htdocs\GestionDeGastos\system\CodeIgniter.php(419): CodeIgniter\CodeIgniter->runController(Object(App\Controllers\Home))
#3 C:\xampp\htdocs\GestionDeGastos\system\CodeIgniter.php(326): CodeIgniter\CodeIgniter->handleRequest(NULL, Object(Config\Cache), false)
#4 C:\xampp\htdocs\GestionDeGastos\public\index.php(37): CodeIgniter\CodeIgniter->run()
#5 {main}
CRITICAL - 2022-03-30 14:37:18 --> There is no data to insert.
#0 C:\xampp\htdocs\GestionDeGastos\system\BaseModel.php(718): CodeIgniter\Database\Exceptions\DataException::forEmptyDataset('insert')
#1 C:\xampp\htdocs\GestionDeGastos\system\Model.php(625): CodeIgniter\BaseModel->insert(Array, true)
#2 C:\xampp\htdocs\GestionDeGastos\app\Controllers\Home.php(22): CodeIgniter\Model->insert(Array)
#3 C:\xampp\htdocs\GestionDeGastos\system\CodeIgniter.php(832): App\Controllers\Home->insertar()
#4 C:\xampp\htdocs\GestionDeGastos\system\CodeIgniter.php(419): CodeIgniter\CodeIgniter->runController(Object(App\Controllers\Home))
#5 C:\xampp\htdocs\GestionDeGastos\system\CodeIgniter.php(326): CodeIgniter\CodeIgniter->handleRequest(NULL, Object(Config\Cache), false)
#6 C:\xampp\htdocs\GestionDeGastos\public\index.php(37): CodeIgniter\CodeIgniter->run()
#7 {main}
CRITICAL - 2022-03-30 14:42:35 --> `App\Models\uRegistro` model class does not specify a Primary Key.
#0 C:\xampp\htdocs\GestionDeGastos\system\Model.php(535): CodeIgniter\Exceptions\ModelException::forNoPrimaryKey('App\\Models\\uReg...')
#1 C:\xampp\htdocs\GestionDeGastos\system\Model.php(232): CodeIgniter\Model->builder()
#2 C:\xampp\htdocs\GestionDeGastos\system\BaseModel.php(738): CodeIgniter\Model->doInsert(Array)
#3 C:\xampp\htdocs\GestionDeGastos\system\Model.php(625): CodeIgniter\BaseModel->insert(Array, true)
#4 C:\xampp\htdocs\GestionDeGastos\app\Controllers\Home.php(22): CodeIgniter\Model->insert(Array)
#5 C:\xampp\htdocs\GestionDeGastos\system\CodeIgniter.php(832): App\Controllers\Home->insertar()
#6 C:\xampp\htdocs\GestionDeGastos\system\CodeIgniter.php(419): CodeIgniter\CodeIgniter->runController(Object(App\Controllers\Home))
#7 C:\xampp\htdocs\GestionDeGastos\system\CodeIgniter.php(326): CodeIgniter\CodeIgniter->handleRequest(NULL, Object(Config\Cache), false)
#8 C:\xampp\htdocs\GestionDeGastos\public\index.php(37): CodeIgniter\CodeIgniter->run()
#9 {main}
CRITICAL - 2022-03-30 14:43:52 --> Invalid file: Vsuccess.php
#0 C:\xampp\htdocs\GestionDeGastos\system\View\View.php(198): CodeIgniter\Exceptions\FrameworkException::forInvalidFile('Vsuccess.php')
#1 C:\xampp\htdocs\GestionDeGastos\system\Common.php(1089): CodeIgniter\View\View->render('Vsuccess', Array, true)
#2 C:\xampp\htdocs\GestionDeGastos\app\Controllers\Home.php(24): view('Vsuccess', Array)
#3 C:\xampp\htdocs\GestionDeGastos\system\CodeIgniter.php(832): App\Controllers\Home->insertar()
#4 C:\xampp\htdocs\GestionDeGastos\system\CodeIgniter.php(419): CodeIgniter\CodeIgniter->runController(Object(App\Controllers\Home))
#5 C:\xampp\htdocs\GestionDeGastos\system\CodeIgniter.php(326): CodeIgniter\CodeIgniter->handleRequest(NULL, Object(Config\Cache), false)
#6 C:\xampp\htdocs\GestionDeGastos\public\index.php(37): CodeIgniter\CodeIgniter->run()
#7 {main}
CRITICAL - 2022-03-30 14:52:30 --> Undefined array key "nombre"
#0 C:\xampp\htdocs\GestionDeGastos\app\Controllers\Home.php(18): CodeIgniter\Debug\Exceptions->errorHandler(2, 'Undefined array...', 'C:\\xampp\\htdocs...', 18)
#1 C:\xampp\htdocs\GestionDeGastos\system\CodeIgniter.php(832): App\Controllers\Home->insertar()
#2 C:\xampp\htdocs\GestionDeGastos\system\CodeIgniter.php(419): CodeIgniter\CodeIgniter->runController(Object(App\Controllers\Home))
#3 C:\xampp\htdocs\GestionDeGastos\system\CodeIgniter.php(326): CodeIgniter\CodeIgniter->handleRequest(NULL, Object(Config\Cache), false)
#4 C:\xampp\htdocs\GestionDeGastos\public\index.php(37): CodeIgniter\CodeIgniter->run()
#5 {main}
ERROR - 2022-03-30 15:10:20 --> Unknown column 'login.deleted_at' in 'where clause'
CRITICAL - 2022-03-30 15:10:20 --> Unknown column 'login.deleted_at' in 'where clause'
#0 C:\xampp\htdocs\GestionDeGastos\system\Database\MySQLi\Connection.php(292): mysqli->query('SELECT *\nFROM `...', 0)
#1 C:\xampp\htdocs\GestionDeGastos\system\Database\BaseConnection.php(670): CodeIgniter\Database\MySQLi\Connection->execute('SELECT *\nFROM `...')
#2 C:\xampp\htdocs\GestionDeGastos\system\Database\BaseConnection.php(598): CodeIgniter\Database\BaseConnection->simpleQuery('SELECT *\nFROM `...')
#3 C:\xampp\htdocs\GestionDeGastos\system\Database\BaseBuilder.php(1455): CodeIgniter\Database\BaseConnection->query('SELECT *\nFROM `...', Array, false)
#4 C:\xampp\htdocs\GestionDeGastos\system\Model.php(210): CodeIgniter\Database\BaseBuilder->get()
#5 C:\xampp\htdocs\GestionDeGastos\system\BaseModel.php(622): CodeIgniter\Model->doFirst()
#6 C:\xampp\htdocs\GestionDeGastos\app\Controllers\Home.php(31): CodeIgniter\BaseModel->first()
#7 C:\xampp\htdocs\GestionDeGastos\system\CodeIgniter.php(832): App\Controllers\Home->ingresar()
#8 C:\xampp\htdocs\GestionDeGastos\system\CodeIgniter.php(419): CodeIgniter\CodeIgniter->runController(Object(App\Controllers\Home))
#9 C:\xampp\htdocs\GestionDeGastos\system\CodeIgniter.php(326): CodeIgniter\CodeIgniter->handleRequest(NULL, Object(Config\Cache), false)
#10 C:\xampp\htdocs\GestionDeGastos\public\index.php(37): CodeIgniter\CodeIgniter->run()
#11 {main}
ERROR - 2022-03-30 15:14:07 --> Unknown column 'login.deleted_at' in 'where clause'
CRITICAL - 2022-03-30 15:14:07 --> Unknown column 'login.deleted_at' in 'where clause'
#0 C:\xampp\htdocs\GestionDeGastos\system\Database\MySQLi\Connection.php(292): mysqli->query('SELECT *\nFROM `...', 0)
#1 C:\xampp\htdocs\GestionDeGastos\system\Database\BaseConnection.php(670): CodeIgniter\Database\MySQLi\Connection->execute('SELECT *\nFROM `...')
#2 C:\xampp\htdocs\GestionDeGastos\system\Database\BaseConnection.php(598): CodeIgniter\Database\BaseConnection->simpleQuery('SELECT *\nFROM `...')
#3 C:\xampp\htdocs\GestionDeGastos\system\Database\BaseBuilder.php(1455): CodeIgniter\Database\BaseConnection->query('SELECT *\nFROM `...', Array, false)
#4 C:\xampp\htdocs\GestionDeGastos\system\Model.php(210): CodeIgniter\Database\BaseBuilder->get()
#5 C:\xampp\htdocs\GestionDeGastos\system\BaseModel.php(622): CodeIgniter\Model->doFirst()
#6 C:\xampp\htdocs\GestionDeGastos\app\Controllers\Home.php(31): CodeIgniter\BaseModel->first()
#7 C:\xampp\htdocs\GestionDeGastos\system\CodeIgniter.php(832): App\Controllers\Home->ingresar()
#8 C:\xampp\htdocs\GestionDeGastos\system\CodeIgniter.php(419): CodeIgniter\CodeIgniter->runController(Object(App\Controllers\Home))
#9 C:\xampp\htdocs\GestionDeGastos\system\CodeIgniter.php(326): CodeIgniter\CodeIgniter->handleRequest(NULL, Object(Config\Cache), false)
#10 C:\xampp\htdocs\GestionDeGastos\public\index.php(37): CodeIgniter\CodeIgniter->run()
#11 {main}
CRITICAL - 2022-03-30 15:16:00 --> Invalid file: formulario.php
#0 C:\xampp\htdocs\GestionDeGastos\system\View\View.php(198): CodeIgniter\Exceptions\FrameworkException::forInvalidFile('formulario.php')
#1 C:\xampp\htdocs\GestionDeGastos\system\Common.php(1089): CodeIgniter\View\View->render('formulario', Array, true)
#2 C:\xampp\htdocs\GestionDeGastos\app\Controllers\Home.php(32): view('formulario', Array)
#3 C:\xampp\htdocs\GestionDeGastos\system\CodeIgniter.php(832): App\Controllers\Home->ingresar()
#4 C:\xampp\htdocs\GestionDeGastos\system\CodeIgniter.php(419): CodeIgniter\CodeIgniter->runController(Object(App\Controllers\Home))
#5 C:\xampp\htdocs\GestionDeGastos\system\CodeIgniter.php(326): CodeIgniter\CodeIgniter->handleRequest(NULL, Object(Config\Cache), false)
#6 C:\xampp\htdocs\GestionDeGastos\public\index.php(37): CodeIgniter\CodeIgniter->run()
#7 {main}
